---------- INPUT DELTA  ----------
{
      "dictionary_item_added": {
            "root['spec']['tidb']['affinity'][nodeAffinity][requiredDuringSchedulingIgnoredDuringExecution][nodeSelectorTerms][0][matchExpressions][0][key]": {
                  "prev": "NotPresent",
                  "curr": "kubernetes.io/hostname",
                  "path": {
                        "path": [
                              "spec",
                              "tidb",
                              "affinity",
                              "nodeAffinity",
                              "requiredDuringSchedulingIgnoredDuringExecution",
                              "nodeSelectorTerms",
                              0,
                              "matchExpressions",
                              0,
                              "key"
                        ]
                  }
            },
            "root['spec']['tidb']['affinity'][nodeAffinity][requiredDuringSchedulingIgnoredDuringExecution][nodeSelectorTerms][0][matchExpressions][0][operator]": {
                  "prev": "NotPresent",
                  "curr": "In",
                  "path": {
                        "path": [
                              "spec",
                              "tidb",
                              "affinity",
                              "nodeAffinity",
                              "requiredDuringSchedulingIgnoredDuringExecution",
                              "nodeSelectorTerms",
                              0,
                              "matchExpressions",
                              0,
                              "operator"
                        ]
                  }
            },
            "root['spec']['tidb']['affinity'][nodeAffinity][requiredDuringSchedulingIgnoredDuringExecution][nodeSelectorTerms][0][matchExpressions][0][values][0]": {
                  "prev": "NotPresent",
                  "curr": "NONE",
                  "path": {
                        "path": [
                              "spec",
                              "tidb",
                              "affinity",
                              "nodeAffinity",
                              "requiredDuringSchedulingIgnoredDuringExecution",
                              "nodeSelectorTerms",
                              0,
                              "matchExpressions",
                              0,
                              "values",
                              0
                        ]
                  }
            }
      }
}
---------- SYSTEM DELTA ----------
{
      "pod": {
            "type_changes": {
                  "root['test-cluster-tidb-2']['spec']['affinity'][node_affinity][required_during_scheduling_ignored_during_execution][node_selector_terms][0][match_expressions][0][key]": {
                        "prev": null,
                        "curr": "kubernetes.io/hostname",
                        "path": {
                              "path": [
                                    "test-cluster-tidb-2",
                                    "spec",
                                    "affinity",
                                    "node_affinity",
                                    "required_during_scheduling_ignored_during_execution",
                                    "node_selector_terms",
                                    0,
                                    "match_expressions",
                                    0,
                                    "key"
                              ]
                        }
                  },
                  "root['test-cluster-tidb-2']['spec']['affinity'][node_affinity][required_during_scheduling_ignored_during_execution][node_selector_terms][0][match_expressions][0][operator]": {
                        "prev": null,
                        "curr": "In",
                        "path": {
                              "path": [
                                    "test-cluster-tidb-2",
                                    "spec",
                                    "affinity",
                                    "node_affinity",
                                    "required_during_scheduling_ignored_during_execution",
                                    "node_selector_terms",
                                    0,
                                    "match_expressions",
                                    0,
                                    "operator"
                              ]
                        }
                  },
                  "root['test-cluster-tidb-2']['spec']['affinity'][node_affinity][required_during_scheduling_ignored_during_execution][node_selector_terms][0][match_expressions][0][values][0]": {
                        "prev": null,
                        "curr": "NONE",
                        "path": {
                              "path": [
                                    "test-cluster-tidb-2",
                                    "spec",
                                    "affinity",
                                    "node_affinity",
                                    "required_during_scheduling_ignored_during_execution",
                                    "node_selector_terms",
                                    0,
                                    "match_expressions",
                                    0,
                                    "values",
                                    0
                              ]
                        }
                  },
                  "root['test-cluster-tidb-2']['spec']['node_name']": {
                        "prev": "acto-0-cluster-0-worker3",
                        "curr": null,
                        "path": {
                              "path": [
                                    "test-cluster-tidb-2",
                                    "spec",
                                    "node_name"
                              ]
                        }
                  },
                  "root['test-cluster-tidb-2']['status']['conditions'][0]['message']": {
                        "prev": null,
                        "curr": "0/4 nodes are available: 1 node(s) had untolerated taint {node-role.kubernetes.io/control-plane: }, 3 node(s) didn't match Pod's node affinity/selector. preemption: 0/4 nodes are available: 4 Preemption is not helpful for scheduling..",
                        "path": {
                              "path": [
                                    "test-cluster-tidb-2",
                                    "status",
                                    "conditions",
                                    0,
                                    "message"
                              ]
                        }
                  },
                  "root['test-cluster-tidb-2']['status']['conditions'][0]['reason']": {
                        "prev": null,
                        "curr": "Unschedulable",
                        "path": {
                              "path": [
                                    "test-cluster-tidb-2",
                                    "status",
                                    "conditions",
                                    0,
                                    "reason"
                              ]
                        }
                  },
                  "root['test-cluster-tidb-2']['status']['container_statuses'][0][container_id]": {
                        "prev": "containerd://4993593e5b0431a79020843de23e9df055527d1f4d468ce54c816327bac5e8a5",
                        "curr": null,
                        "path": {
                              "path": [
                                    "test-cluster-tidb-2",
                                    "status",
                                    "container_statuses",
                                    0,
                                    "container_id"
                              ]
                        }
                  },
                  "root['test-cluster-tidb-2']['status']['container_statuses'][0][image]": {
                        "prev": "docker.io/library/busybox:1.34.1",
                        "curr": null,
                        "path": {
                              "path": [
                                    "test-cluster-tidb-2",
                                    "status",
                                    "container_statuses",
                                    0,
                                    "image"
                              ]
                        }
                  },
                  "root['test-cluster-tidb-2']['status']['container_statuses'][0][image_id]": {
                        "prev": "docker.io/library/import-2024-02-27@sha256:c4d04d75f4fed737c946055f12e8eae66b6272e59afc5c9ed865428d7c215dad",
                        "curr": null,
                        "path": {
                              "path": [
                                    "test-cluster-tidb-2",
                                    "status",
                                    "container_statuses",
                                    0,
                                    "image_id"
                              ]
                        }
                  },
                  "root['test-cluster-tidb-2']['status']['container_statuses'][0][name]": {
                        "prev": "slowlog",
                        "curr": null,
                        "path": {
                              "path": [
                                    "test-cluster-tidb-2",
                                    "status",
                                    "container_statuses",
                                    0,
                                    "name"
                              ]
                        }
                  },
                  "root['test-cluster-tidb-2']['status']['container_statuses'][0][ready]": {
                        "prev": true,
                        "curr": null,
                        "path": {
                              "path": [
                                    "test-cluster-tidb-2",
                                    "status",
                                    "container_statuses",
                                    0,
                                    "ready"
                              ]
                        }
                  },
                  "root['test-cluster-tidb-2']['status']['container_statuses'][0][restart_count]": {
                        "prev": 0,
                        "curr": null,
                        "path": {
                              "path": [
                                    "test-cluster-tidb-2",
                                    "status",
                                    "container_statuses",
                                    0,
                                    "restart_count"
                              ]
                        }
                  },
                  "root['test-cluster-tidb-2']['status']['container_statuses'][0][started]": {
                        "prev": true,
                        "curr": null,
                        "path": {
                              "path": [
                                    "test-cluster-tidb-2",
                                    "status",
                                    "container_statuses",
                                    0,
                                    "started"
                              ]
                        }
                  },
                  "root['test-cluster-tidb-2']['status']['container_statuses'][0][state][running][started_at]": {
                        "prev": "2024-02-27T01:20:52+00:00",
                        "curr": null,
                        "path": {
                              "path": [
                                    "test-cluster-tidb-2",
                                    "status",
                                    "container_statuses",
                                    0,
                                    "state",
                                    "running",
                                    "started_at"
                              ]
                        }
                  },
                  "root['test-cluster-tidb-2']['status']['container_statuses'][1][container_id]": {
                        "prev": "containerd://2f71403193259cc83a9ba1542f4c1990c6b5989e88408ade946622d5de34361e",
                        "curr": null,
                        "path": {
                              "path": [
                                    "test-cluster-tidb-2",
                                    "status",
                                    "container_statuses",
                                    1,
                                    "container_id"
                              ]
                        }
                  },
                  "root['test-cluster-tidb-2']['status']['container_statuses'][1][image]": {
                        "prev": "docker.io/pingcap/tidb:v5.4.0",
                        "curr": null,
                        "path": {
                              "path": [
                                    "test-cluster-tidb-2",
                                    "status",
                                    "container_statuses",
                                    1,
                                    "image"
                              ]
                        }
                  },
                  "root['test-cluster-tidb-2']['status']['container_statuses'][1][image_id]": {
                        "prev": "docker.io/library/import-2024-02-27@sha256:a79108254173688e4d6f8502e165ed9ef323e4af82c390a2afa40c6dfa4aa712",
                        "curr": null,
                        "path": {
                              "path": [
                                    "test-cluster-tidb-2",
                                    "status",
                                    "container_statuses",
                                    1,
                                    "image_id"
                              ]
                        }
                  },
                  "root['test-cluster-tidb-2']['status']['container_statuses'][1][name]": {
                        "prev": "tidb",
                        "curr": null,
                        "path": {
                              "path": [
                                    "test-cluster-tidb-2",
                                    "status",
                                    "container_statuses",
                                    1,
                                    "name"
                              ]
                        }
                  },
                  "root['test-cluster-tidb-2']['status']['container_statuses'][1][ready]": {
                        "prev": true,
                        "curr": null,
                        "path": {
                              "path": [
                                    "test-cluster-tidb-2",
                                    "status",
                                    "container_statuses",
                                    1,
                                    "ready"
                              ]
                        }
                  },
                  "root['test-cluster-tidb-2']['status']['container_statuses'][1][restart_count]": {
                        "prev": 0,
                        "curr": null,
                        "path": {
                              "path": [
                                    "test-cluster-tidb-2",
                                    "status",
                                    "container_statuses",
                                    1,
                                    "restart_count"
                              ]
                        }
                  },
                  "root['test-cluster-tidb-2']['status']['container_statuses'][1][started]": {
                        "prev": true,
                        "curr": null,
                        "path": {
                              "path": [
                                    "test-cluster-tidb-2",
                                    "status",
                                    "container_statuses",
                                    1,
                                    "started"
                              ]
                        }
                  },
                  "root['test-cluster-tidb-2']['status']['container_statuses'][1][state][running][started_at]": {
                        "prev": "2024-02-27T01:20:53+00:00",
                        "curr": null,
                        "path": {
                              "path": [
                                    "test-cluster-tidb-2",
                                    "status",
                                    "container_statuses",
                                    1,
                                    "state",
                                    "running",
                                    "started_at"
                              ]
                        }
                  },
                  "root['test-cluster-tidb-2']['status']['host_ip']": {
                        "prev": "172.18.0.3",
                        "curr": null,
                        "path": {
                              "path": [
                                    "test-cluster-tidb-2",
                                    "status",
                                    "host_ip"
                              ]
                        }
                  },
                  "root['test-cluster-tidb-2']['status']['pod_ip']": {
                        "prev": "10.244.3.8",
                        "curr": null,
                        "path": {
                              "path": [
                                    "test-cluster-tidb-2",
                                    "status",
                                    "pod_ip"
                              ]
                        }
                  },
                  "root['test-cluster-tidb-2']['status']['pod_i_ps'][0][ip]": {
                        "prev": "10.244.3.8",
                        "curr": null,
                        "path": {
                              "path": [
                                    "test-cluster-tidb-2",
                                    "status",
                                    "pod_i_ps",
                                    0,
                                    "ip"
                              ]
                        }
                  },
                  "root['test-cluster-tidb-2']['status']['start_time']": {
                        "prev": "2024-02-27T01:20:52+00:00",
                        "curr": null,
                        "path": {
                              "path": [
                                    "test-cluster-tidb-2",
                                    "status",
                                    "start_time"
                              ]
                        }
                  }
            },
            "iterable_item_removed": {
                  "root['test-cluster-tidb-2']['status']['conditions'][1][last_transition_time]": {
                        "prev": "2024-02-27T01:21:12+00:00",
                        "curr": "NotPresent",
                        "path": {
                              "path": [
                                    "test-cluster-tidb-2",
                                    "status",
                                    "conditions",
                                    1,
                                    "last_transition_time"
                              ]
                        }
                  },
                  "root['test-cluster-tidb-2']['status']['conditions'][1][status]": {
                        "prev": "True",
                        "curr": "NotPresent",
                        "path": {
                              "path": [
                                    "test-cluster-tidb-2",
                                    "status",
                                    "conditions",
                                    1,
                                    "status"
                              ]
                        }
                  },
                  "root['test-cluster-tidb-2']['status']['conditions'][1][type]": {
                        "prev": "Ready",
                        "curr": "NotPresent",
                        "path": {
                              "path": [
                                    "test-cluster-tidb-2",
                                    "status",
                                    "conditions",
                                    1,
                                    "type"
                              ]
                        }
                  },
                  "root['test-cluster-tidb-2']['status']['conditions'][2][last_transition_time]": {
                        "prev": "2024-02-27T01:21:12+00:00",
                        "curr": "NotPresent",
                        "path": {
                              "path": [
                                    "test-cluster-tidb-2",
                                    "status",
                                    "conditions",
                                    2,
                                    "last_transition_time"
                              ]
                        }
                  },
                  "root['test-cluster-tidb-2']['status']['conditions'][2][status]": {
                        "prev": "True",
                        "curr": "NotPresent",
                        "path": {
                              "path": [
                                    "test-cluster-tidb-2",
                                    "status",
                                    "conditions",
                                    2,
                                    "status"
                              ]
                        }
                  },
                  "root['test-cluster-tidb-2']['status']['conditions'][2][type]": {
                        "prev": "ContainersReady",
                        "curr": "NotPresent",
                        "path": {
                              "path": [
                                    "test-cluster-tidb-2",
                                    "status",
                                    "conditions",
                                    2,
                                    "type"
                              ]
                        }
                  },
                  "root['test-cluster-tidb-2']['status']['conditions'][3][last_transition_time]": {
                        "prev": "2024-02-27T01:20:52+00:00",
                        "curr": "NotPresent",
                        "path": {
                              "path": [
                                    "test-cluster-tidb-2",
                                    "status",
                                    "conditions",
                                    3,
                                    "last_transition_time"
                              ]
                        }
                  },
                  "root['test-cluster-tidb-2']['status']['conditions'][3][status]": {
                        "prev": "True",
                        "curr": "NotPresent",
                        "path": {
                              "path": [
                                    "test-cluster-tidb-2",
                                    "status",
                                    "conditions",
                                    3,
                                    "status"
                              ]
                        }
                  },
                  "root['test-cluster-tidb-2']['status']['conditions'][3][type]": {
                        "prev": "PodScheduled",
                        "curr": "NotPresent",
                        "path": {
                              "path": [
                                    "test-cluster-tidb-2",
                                    "status",
                                    "conditions",
                                    3,
                                    "type"
                              ]
                        }
                  }
            },
            "values_changed": {
                  "root['test-cluster-tidb-2']['metadata']['creation_timestamp']": {
                        "prev": "2024-02-27T01:20:52+00:00",
                        "curr": "2024-02-27T01:22:26+00:00",
                        "path": {
                              "path": [
                                    "test-cluster-tidb-2",
                                    "metadata",
                                    "creation_timestamp"
                              ]
                        }
                  },
                  "root['test-cluster-tidb-2']['metadata']['labels']['controller-revision-hash']": {
                        "prev": "test-cluster-tidb-788bdc6cfc",
                        "curr": "test-cluster-tidb-64f7fcc656",
                        "path": {
                              "path": [
                                    "test-cluster-tidb-2",
                                    "metadata",
                                    "labels",
                                    "controller-revision-hash"
                              ]
                        }
                  },
                  "root['test-cluster-tidb-2']['metadata']['uid']": {
                        "prev": "77704408-f6a8-425e-a89c-3877fadbf8b6",
                        "curr": "2e5d49fd-c5d9-4a8f-b18f-3a0d431c120c",
                        "path": {
                              "path": [
                                    "test-cluster-tidb-2",
                                    "metadata",
                                    "uid"
                              ]
                        }
                  },
                  "root['test-cluster-tidb-2']['spec']['containers'][0]['volume_mounts'][1]['name']": {
                        "prev": "kube-api-access-ttnk7",
                        "curr": "kube-api-access-mplv7",
                        "path": {
                              "path": [
                                    "test-cluster-tidb-2",
                                    "spec",
                                    "containers",
                                    0,
                                    "volume_mounts",
                                    1,
                                    "name"
                              ]
                        }
                  },
                  "root['test-cluster-tidb-2']['spec']['containers'][1]['volume_mounts'][4]['name']": {
                        "prev": "kube-api-access-ttnk7",
                        "curr": "kube-api-access-mplv7",
                        "path": {
                              "path": [
                                    "test-cluster-tidb-2",
                                    "spec",
                                    "containers",
                                    1,
                                    "volume_mounts",
                                    4,
                                    "name"
                              ]
                        }
                  },
                  "root['test-cluster-tidb-2']['spec']['volumes'][4]['name']": {
                        "prev": "kube-api-access-ttnk7",
                        "curr": "kube-api-access-mplv7",
                        "path": {
                              "path": [
                                    "test-cluster-tidb-2",
                                    "spec",
                                    "volumes",
                                    4,
                                    "name"
                              ]
                        }
                  },
                  "root['test-cluster-tidb-2']['status']['conditions'][0]['last_transition_time']": {
                        "prev": "2024-02-27T01:20:52+00:00",
                        "curr": "2024-02-27T01:22:26+00:00",
                        "path": {
                              "path": [
                                    "test-cluster-tidb-2",
                                    "status",
                                    "conditions",
                                    0,
                                    "last_transition_time"
                              ]
                        }
                  },
                  "root['test-cluster-tidb-2']['status']['conditions'][0]['status']": {
                        "prev": "True",
                        "curr": "False",
                        "path": {
                              "path": [
                                    "test-cluster-tidb-2",
                                    "status",
                                    "conditions",
                                    0,
                                    "status"
                              ]
                        }
                  },
                  "root['test-cluster-tidb-2']['status']['conditions'][0]['type']": {
                        "prev": "Initialized",
                        "curr": "PodScheduled",
                        "path": {
                              "path": [
                                    "test-cluster-tidb-2",
                                    "status",
                                    "conditions",
                                    0,
                                    "type"
                              ]
                        }
                  },
                  "root['test-cluster-tidb-2']['status']['phase']": {
                        "prev": "Running",
                        "curr": "Pending",
                        "path": {
                              "path": [
                                    "test-cluster-tidb-2",
                                    "status",
                                    "phase"
                              ]
                        }
                  }
            },
            "dictionary_item_removed": {
                  "root['test-cluster-tidb-2']['metadata']['labels']['tidb.pingcap.com/cluster-id']": {
                        "prev": "7340085439264123903",
                        "curr": "NotPresent",
                        "path": {
                              "path": [
                                    "test-cluster-tidb-2",
                                    "metadata",
                                    "labels",
                                    "tidb.pingcap.com/cluster-id"
                              ]
                        }
                  }
            }
      },
      "deployment_pods": {},
      "daemonset_pods": {},
      "stateful_set": {
            "type_changes": {
                  "root['test-cluster-tidb']['spec']['template']['spec']['affinity'][node_affinity][required_during_scheduling_ignored_during_execution][node_selector_terms][0][match_expressions][0][key]": {
                        "prev": null,
                        "curr": "kubernetes.io/hostname",
                        "path": {
                              "path": [
                                    "test-cluster-tidb",
                                    "spec",
                                    "template",
                                    "spec",
                                    "affinity",
                                    "node_affinity",
                                    "required_during_scheduling_ignored_during_execution",
                                    "node_selector_terms",
                                    0,
                                    "match_expressions",
                                    0,
                                    "key"
                              ]
                        }
                  },
                  "root['test-cluster-tidb']['spec']['template']['spec']['affinity'][node_affinity][required_during_scheduling_ignored_during_execution][node_selector_terms][0][match_expressions][0][operator]": {
                        "prev": null,
                        "curr": "In",
                        "path": {
                              "path": [
                                    "test-cluster-tidb",
                                    "spec",
                                    "template",
                                    "spec",
                                    "affinity",
                                    "node_affinity",
                                    "required_during_scheduling_ignored_during_execution",
                                    "node_selector_terms",
                                    0,
                                    "match_expressions",
                                    0,
                                    "operator"
                              ]
                        }
                  },
                  "root['test-cluster-tidb']['spec']['template']['spec']['affinity'][node_affinity][required_during_scheduling_ignored_during_execution][node_selector_terms][0][match_expressions][0][values][0]": {
                        "prev": null,
                        "curr": "NONE",
                        "path": {
                              "path": [
                                    "test-cluster-tidb",
                                    "spec",
                                    "template",
                                    "spec",
                                    "affinity",
                                    "node_affinity",
                                    "required_during_scheduling_ignored_during_execution",
                                    "node_selector_terms",
                                    0,
                                    "match_expressions",
                                    0,
                                    "values",
                                    0
                              ]
                        }
                  }
            },
            "values_changed": {
                  "root['test-cluster-tidb']['spec']['update_strategy']['rolling_update']['partition']": {
                        "prev": 3,
                        "curr": 2,
                        "path": {
                              "path": [
                                    "test-cluster-tidb",
                                    "spec",
                                    "update_strategy",
                                    "rolling_update",
                                    "partition"
                              ]
                        }
                  },
                  "root['test-cluster-tidb']['status']['available_replicas']": {
                        "prev": 3,
                        "curr": 2,
                        "path": {
                              "path": [
                                    "test-cluster-tidb",
                                    "status",
                                    "available_replicas"
                              ]
                        }
                  },
                  "root['test-cluster-tidb']['status']['current_replicas']": {
                        "prev": 3,
                        "curr": 2,
                        "path": {
                              "path": [
                                    "test-cluster-tidb",
                                    "status",
                                    "current_replicas"
                              ]
                        }
                  },
                  "root['test-cluster-tidb']['status']['ready_replicas']": {
                        "prev": 3,
                        "curr": 2,
                        "path": {
                              "path": [
                                    "test-cluster-tidb",
                                    "status",
                                    "ready_replicas"
                              ]
                        }
                  },
                  "root['test-cluster-tidb']['status']['update_revision']": {
                        "prev": "test-cluster-tidb-788bdc6cfc",
                        "curr": "test-cluster-tidb-64f7fcc656",
                        "path": {
                              "path": [
                                    "test-cluster-tidb",
                                    "status",
                                    "update_revision"
                              ]
                        }
                  },
                  "root['test-cluster-tidb']['status']['updated_replicas']": {
                        "prev": 3,
                        "curr": 1,
                        "path": {
                              "path": [
                                    "test-cluster-tidb",
                                    "status",
                                    "updated_replicas"
                              ]
                        }
                  }
            }
      },
      "deployment": {},
      "daemon_set": {},
      "config_map": {},
      "service": {},
      "pvc": {},
      "cronjob": {},
      "ingress": {},
      "network_policy": {},
      "pod_disruption_budget": {},
      "secret": {},
      "endpoints": {
            "type_changes": {
                  "root['test-cluster-tidb']['metadata']['annotations'][endpoints.kubernetes.io/last-change-trigger-time]": {
                        "prev": "2024-02-27T01:21:12Z",
                        "curr": null,
                        "path": {
                              "path": [
                                    "test-cluster-tidb",
                                    "metadata",
                                    "annotations",
                                    "endpoints.kubernetes.io/last-change-trigger-time"
                              ]
                        }
                  }
            },
            "iterable_item_removed": {
                  "root['test-cluster-tidb']['subsets'][0]['addresses'][2][ip]": {
                        "prev": "10.244.3.8",
                        "curr": "NotPresent",
                        "path": {
                              "path": [
                                    "test-cluster-tidb",
                                    "subsets",
                                    0,
                                    "addresses",
                                    2,
                                    "ip"
                              ]
                        }
                  },
                  "root['test-cluster-tidb']['subsets'][0]['addresses'][2][node_name]": {
                        "prev": "acto-0-cluster-0-worker3",
                        "curr": "NotPresent",
                        "path": {
                              "path": [
                                    "test-cluster-tidb",
                                    "subsets",
                                    0,
                                    "addresses",
                                    2,
                                    "node_name"
                              ]
                        }
                  },
                  "root['test-cluster-tidb']['subsets'][0]['addresses'][2][target_ref][kind]": {
                        "prev": "Pod",
                        "curr": "NotPresent",
                        "path": {
                              "path": [
                                    "test-cluster-tidb",
                                    "subsets",
                                    0,
                                    "addresses",
                                    2,
                                    "target_ref",
                                    "kind"
                              ]
                        }
                  },
                  "root['test-cluster-tidb']['subsets'][0]['addresses'][2][target_ref][name]": {
                        "prev": "test-cluster-tidb-2",
                        "curr": "NotPresent",
                        "path": {
                              "path": [
                                    "test-cluster-tidb",
                                    "subsets",
                                    0,
                                    "addresses",
                                    2,
                                    "target_ref",
                                    "name"
                              ]
                        }
                  },
                  "root['test-cluster-tidb']['subsets'][0]['addresses'][2][target_ref][namespace]": {
                        "prev": "acto-namespace",
                        "curr": "NotPresent",
                        "path": {
                              "path": [
                                    "test-cluster-tidb",
                                    "subsets",
                                    0,
                                    "addresses",
                                    2,
                                    "target_ref",
                                    "namespace"
                              ]
                        }
                  },
                  "root['test-cluster-tidb']['subsets'][0]['addresses'][2][target_ref][uid]": {
                        "prev": "77704408-f6a8-425e-a89c-3877fadbf8b6",
                        "curr": "NotPresent",
                        "path": {
                              "path": [
                                    "test-cluster-tidb",
                                    "subsets",
                                    0,
                                    "addresses",
                                    2,
                                    "target_ref",
                                    "uid"
                              ]
                        }
                  },
                  "root['test-cluster-tidb-peer']['subsets'][0]['addresses'][2][hostname]": {
                        "prev": "test-cluster-tidb-2",
                        "curr": "NotPresent",
                        "path": {
                              "path": [
                                    "test-cluster-tidb-peer",
                                    "subsets",
                                    0,
                                    "addresses",
                                    2,
                                    "hostname"
                              ]
                        }
                  },
                  "root['test-cluster-tidb-peer']['subsets'][0]['addresses'][2][ip]": {
                        "prev": "10.244.3.8",
                        "curr": "NotPresent",
                        "path": {
                              "path": [
                                    "test-cluster-tidb-peer",
                                    "subsets",
                                    0,
                                    "addresses",
                                    2,
                                    "ip"
                              ]
                        }
                  },
                  "root['test-cluster-tidb-peer']['subsets'][0]['addresses'][2][node_name]": {
                        "prev": "acto-0-cluster-0-worker3",
                        "curr": "NotPresent",
                        "path": {
                              "path": [
                                    "test-cluster-tidb-peer",
                                    "subsets",
                                    0,
                                    "addresses",
                                    2,
                                    "node_name"
                              ]
                        }
                  },
                  "root['test-cluster-tidb-peer']['subsets'][0]['addresses'][2][target_ref][kind]": {
                        "prev": "Pod",
                        "curr": "NotPresent",
                        "path": {
                              "path": [
                                    "test-cluster-tidb-peer",
                                    "subsets",
                                    0,
                                    "addresses",
                                    2,
                                    "target_ref",
                                    "kind"
                              ]
                        }
                  },
                  "root['test-cluster-tidb-peer']['subsets'][0]['addresses'][2][target_ref][name]": {
                        "prev": "test-cluster-tidb-2",
                        "curr": "NotPresent",
                        "path": {
                              "path": [
                                    "test-cluster-tidb-peer",
                                    "subsets",
                                    0,
                                    "addresses",
                                    2,
                                    "target_ref",
                                    "name"
                              ]
                        }
                  },
                  "root['test-cluster-tidb-peer']['subsets'][0]['addresses'][2][target_ref][namespace]": {
                        "prev": "acto-namespace",
                        "curr": "NotPresent",
                        "path": {
                              "path": [
                                    "test-cluster-tidb-peer",
                                    "subsets",
                                    0,
                                    "addresses",
                                    2,
                                    "target_ref",
                                    "namespace"
                              ]
                        }
                  },
                  "root['test-cluster-tidb-peer']['subsets'][0]['addresses'][2][target_ref][uid]": {
                        "prev": "77704408-f6a8-425e-a89c-3877fadbf8b6",
                        "curr": "NotPresent",
                        "path": {
                              "path": [
                                    "test-cluster-tidb-peer",
                                    "subsets",
                                    0,
                                    "addresses",
                                    2,
                                    "target_ref",
                                    "uid"
                              ]
                        }
                  }
            }
      },
      "service_account": {},
      "job": {},
      "role": {},
      "role_binding": {},
      "custom_resource_spec": {
            "dictionary_item_added": {
                  "root['tidb']['affinity'][nodeAffinity][requiredDuringSchedulingIgnoredDuringExecution][nodeSelectorTerms][0][matchExpressions][0][key]": {
                        "prev": "NotPresent",
                        "curr": "kubernetes.io/hostname",
                        "path": {
                              "path": [
                                    "tidb",
                                    "affinity",
                                    "nodeAffinity",
                                    "requiredDuringSchedulingIgnoredDuringExecution",
                                    "nodeSelectorTerms",
                                    0,
                                    "matchExpressions",
                                    0,
                                    "key"
                              ]
                        }
                  },
                  "root['tidb']['affinity'][nodeAffinity][requiredDuringSchedulingIgnoredDuringExecution][nodeSelectorTerms][0][matchExpressions][0][operator]": {
                        "prev": "NotPresent",
                        "curr": "In",
                        "path": {
                              "path": [
                                    "tidb",
                                    "affinity",
                                    "nodeAffinity",
                                    "requiredDuringSchedulingIgnoredDuringExecution",
                                    "nodeSelectorTerms",
                                    0,
                                    "matchExpressions",
                                    0,
                                    "operator"
                              ]
                        }
                  },
                  "root['tidb']['affinity'][nodeAffinity][requiredDuringSchedulingIgnoredDuringExecution][nodeSelectorTerms][0][matchExpressions][0][values][0]": {
                        "prev": "NotPresent",
                        "curr": "NONE",
                        "path": {
                              "path": [
                                    "tidb",
                                    "affinity",
                                    "nodeAffinity",
                                    "requiredDuringSchedulingIgnoredDuringExecution",
                                    "nodeSelectorTerms",
                                    0,
                                    "matchExpressions",
                                    0,
                                    "values",
                                    0
                              ]
                        }
                  }
            }
      },
      "custom_resource_status": {
            "values_changed": {
                  "root['conditions'][0]['lastTransitionTime']": {
                        "prev": "2024-02-27T01:20:58Z",
                        "curr": "2024-02-27T01:21:54Z",
                        "path": {
                              "path": [
                                    "conditions",
                                    0,
                                    "lastTransitionTime"
                              ]
                        }
                  },
                  "root['conditions'][0]['lastUpdateTime']": {
                        "prev": "2024-02-27T01:20:58Z",
                        "curr": "2024-02-27T01:21:54Z",
                        "path": {
                              "path": [
                                    "conditions",
                                    0,
                                    "lastUpdateTime"
                              ]
                        }
                  },
                  "root['conditions'][0]['message']": {
                        "prev": "TiDB cluster is fully up and running",
                        "curr": "Statefulset(s) are in progress",
                        "path": {
                              "path": [
                                    "conditions",
                                    0,
                                    "message"
                              ]
                        }
                  },
                  "root['conditions'][0]['reason']": {
                        "prev": "Ready",
                        "curr": "StatefulSetNotUpToDate",
                        "path": {
                              "path": [
                                    "conditions",
                                    0,
                                    "reason"
                              ]
                        }
                  },
                  "root['conditions'][0]['status']": {
                        "prev": "True",
                        "curr": "False",
                        "path": {
                              "path": [
                                    "conditions",
                                    0,
                                    "status"
                              ]
                        }
                  },
                  "root['tidb']['members']['test-cluster-tidb-2']['health']": {
                        "prev": true,
                        "curr": false,
                        "path": {
                              "path": [
                                    "tidb",
                                    "members",
                                    "test-cluster-tidb-2",
                                    "health"
                              ]
                        }
                  },
                  "root['tidb']['members']['test-cluster-tidb-2']['lastTransitionTime']": {
                        "prev": "2024-02-27T01:20:58Z",
                        "curr": "2024-02-27T01:22:28Z",
                        "path": {
                              "path": [
                                    "tidb",
                                    "members",
                                    "test-cluster-tidb-2",
                                    "lastTransitionTime"
                              ]
                        }
                  },
                  "root['tidb']['phase']": {
                        "prev": "Normal",
                        "curr": "Upgrade",
                        "path": {
                              "path": [
                                    "tidb",
                                    "phase"
                              ]
                        }
                  },
                  "root['tidb']['statefulSet']['currentReplicas']": {
                        "prev": 3,
                        "curr": 2,
                        "path": {
                              "path": [
                                    "tidb",
                                    "statefulSet",
                                    "currentReplicas"
                              ]
                        }
                  },
                  "root['tidb']['statefulSet']['readyReplicas']": {
                        "prev": 3,
                        "curr": 2,
                        "path": {
                              "path": [
                                    "tidb",
                                    "statefulSet",
                                    "readyReplicas"
                              ]
                        }
                  },
                  "root['tidb']['statefulSet']['updateRevision']": {
                        "prev": "test-cluster-tidb-788bdc6cfc",
                        "curr": "test-cluster-tidb-64f7fcc656",
                        "path": {
                              "path": [
                                    "tidb",
                                    "statefulSet",
                                    "updateRevision"
                              ]
                        }
                  },
                  "root['tidb']['statefulSet']['updatedReplicas']": {
                        "prev": 3,
                        "curr": 1,
                        "path": {
                              "path": [
                                    "tidb",
                                    "statefulSet",
                                    "updatedReplicas"
                              ]
                        }
                  }
            },
            "dictionary_item_removed": {
                  "root['tidb']['members']['test-cluster-tidb-2']['node']": {
                        "prev": "acto-0-cluster-0-worker3",
                        "curr": "NotPresent",
                        "path": {
                              "path": [
                                    "tidb",
                                    "members",
                                    "test-cluster-tidb-2",
                                    "node"
                              ]
                        }
                  }
            }
      }
}