I0227 01:21:54.317256       1 tidbcluster_control.go:69] TidbCluster: [acto-namespace/test-cluster] updated successfully
I0227 01:21:54.684842       1 statefulset.go:164] set acto-namespace/test-cluster-tidb partition to 3
I0227 01:21:54.684854       1 statefulset.go:164] set acto-namespace/test-cluster-tidb partition to 2
I0227 01:21:54.690645       1 stateful_set_control.go:92] : [acto-namespace/test-cluster]'s StatefulSet: [acto-namespace/test-cluster-tidb] updated successfully
I0227 01:21:54.713841       1 tidbcluster_control.go:69] TidbCluster: [acto-namespace/test-cluster] updated successfully
I0227 01:21:55.884533       1 tidb_failover.go:53] tidb failover is disabled for acto-namespace/test-cluster, skipped
I0227 01:21:55.884829       1 statefulset.go:164] set acto-namespace/test-cluster-tidb partition to 2
I0227 01:21:55.884837       1 statefulset.go:164] set acto-namespace/test-cluster-tidb partition to 2
I0227 01:21:55.908036       1 tidbcluster_control.go:69] TidbCluster: [acto-namespace/test-cluster] updated successfully
I0227 01:21:57.084524       1 tidb_failover.go:53] tidb failover is disabled for acto-namespace/test-cluster, skipped
I0227 01:21:57.084813       1 statefulset.go:164] set acto-namespace/test-cluster-tidb partition to 2
I0227 01:21:57.084822       1 statefulset.go:164] set acto-namespace/test-cluster-tidb partition to 2
I0227 01:21:57.108754       1 tidbcluster_control.go:69] TidbCluster: [acto-namespace/test-cluster] updated successfully
I0227 01:21:58.284379       1 tidb_failover.go:53] tidb failover is disabled for acto-namespace/test-cluster, skipped
I0227 01:21:58.284662       1 statefulset.go:164] set acto-namespace/test-cluster-tidb partition to 2
I0227 01:21:58.284670       1 statefulset.go:164] set acto-namespace/test-cluster-tidb partition to 2
I0227 01:21:59.484518       1 tidb_failover.go:53] tidb failover is disabled for acto-namespace/test-cluster, skipped
I0227 01:21:59.484798       1 statefulset.go:164] set acto-namespace/test-cluster-tidb partition to 2
I0227 01:21:59.484806       1 statefulset.go:164] set acto-namespace/test-cluster-tidb partition to 2
I0227 01:22:05.699712       1 tidb_failover.go:53] tidb failover is disabled for acto-namespace/test-cluster, skipped
I0227 01:22:05.700246       1 statefulset.go:164] set acto-namespace/test-cluster-tidb partition to 2
I0227 01:22:05.700298       1 statefulset.go:164] set acto-namespace/test-cluster-tidb partition to 2
I0227 01:22:22.342890       1 tidb_failover.go:53] tidb failover is disabled for acto-namespace/test-cluster, skipped
I0227 01:22:22.343164       1 statefulset.go:164] set acto-namespace/test-cluster-tidb partition to 2
I0227 01:22:22.343172       1 statefulset.go:164] set acto-namespace/test-cluster-tidb partition to 2
I0227 01:22:22.782435       1 tidb_failover.go:53] tidb failover is disabled for acto-namespace/test-cluster, skipped
I0227 01:22:22.782718       1 statefulset.go:164] set acto-namespace/test-cluster-tidb partition to 2
I0227 01:22:22.782728       1 statefulset.go:164] set acto-namespace/test-cluster-tidb partition to 2
I0227 01:22:22.791788       1 tidbcluster_control.go:69] TidbCluster: [acto-namespace/test-cluster] updated successfully
I0227 01:22:23.927603       1 tidb_failover.go:53] tidb failover is disabled for acto-namespace/test-cluster, skipped
I0227 01:22:23.927902       1 statefulset.go:164] set acto-namespace/test-cluster-tidb partition to 2
I0227 01:22:23.927911       1 statefulset.go:164] set acto-namespace/test-cluster-tidb partition to 2
I0227 01:22:26.293913       1 statefulset.go:164] set acto-namespace/test-cluster-tidb partition to 2
I0227 01:22:26.293924       1 statefulset.go:164] set acto-namespace/test-cluster-tidb partition to 2
I0227 01:22:26.301736       1 tidbcluster_control.go:69] TidbCluster: [acto-namespace/test-cluster] updated successfully
I0227 01:22:26.678975       1 statefulset.go:164] set acto-namespace/test-cluster-tidb partition to 2
I0227 01:22:26.679032       1 tidb_cluster_controller.go:124] TidbCluster: acto-namespace/test-cluster, still need sync: tidbcluster: [acto-namespace/test-cluster]'s upgraded tidb pod: [test-cluster-tidb-2] is not ready, requeuing
I0227 01:22:27.878680       1 tidb_failover.go:53] tidb failover is disabled for acto-namespace/test-cluster, skipped
I0227 01:22:27.878974       1 statefulset.go:164] set acto-namespace/test-cluster-tidb partition to 2
I0227 01:22:27.887478       1 tidbcluster_control.go:69] TidbCluster: [acto-namespace/test-cluster] updated successfully
I0227 01:22:27.887493       1 tidb_cluster_controller.go:124] TidbCluster: acto-namespace/test-cluster, still need sync: tidbcluster: [acto-namespace/test-cluster]'s upgraded tidb pod: [test-cluster-tidb-2] is not ready, requeuing
I0227 01:22:29.078719       1 tidb_failover.go:53] tidb failover is disabled for acto-namespace/test-cluster, skipped
I0227 01:22:29.079001       1 statefulset.go:164] set acto-namespace/test-cluster-tidb partition to 2
I0227 01:22:29.100886       1 tidbcluster_control.go:69] TidbCluster: [acto-namespace/test-cluster] updated successfully
I0227 01:22:29.100901       1 tidb_cluster_controller.go:124] TidbCluster: acto-namespace/test-cluster, still need sync: tidbcluster: [acto-namespace/test-cluster]'s upgraded tidb pod: [test-cluster-tidb-2] is not ready, requeuing
I0227 01:22:30.278691       1 tidb_failover.go:53] tidb failover is disabled for acto-namespace/test-cluster, skipped
I0227 01:22:30.278972       1 statefulset.go:164] set acto-namespace/test-cluster-tidb partition to 2
I0227 01:22:30.279022       1 tidb_cluster_controller.go:124] TidbCluster: acto-namespace/test-cluster, still need sync: tidbcluster: [acto-namespace/test-cluster]'s upgraded tidb pod: [test-cluster-tidb-2] is not ready, requeuing
I0227 01:22:31.478867       1 tidb_failover.go:53] tidb failover is disabled for acto-namespace/test-cluster, skipped
I0227 01:22:31.479150       1 statefulset.go:164] set acto-namespace/test-cluster-tidb partition to 2
I0227 01:22:31.479203       1 tidb_cluster_controller.go:124] TidbCluster: acto-namespace/test-cluster, still need sync: tidbcluster: [acto-namespace/test-cluster]'s upgraded tidb pod: [test-cluster-tidb-2] is not ready, requeuing
I0227 01:22:38.327747       1 tidb_failover.go:53] tidb failover is disabled for acto-namespace/test-cluster, skipped
I0227 01:22:38.328031       1 statefulset.go:164] set acto-namespace/test-cluster-tidb partition to 2
I0227 01:22:38.328084       1 tidb_cluster_controller.go:124] TidbCluster: acto-namespace/test-cluster, still need sync: tidbcluster: [acto-namespace/test-cluster]'s upgraded tidb pod: [test-cluster-tidb-2] is not ready, requeuing
I0227 01:22:52.341551       1 tidb_failover.go:53] tidb failover is disabled for acto-namespace/test-cluster, skipped
I0227 01:22:52.341821       1 statefulset.go:164] set acto-namespace/test-cluster-tidb partition to 2
I0227 01:22:52.341872       1 tidb_cluster_controller.go:124] TidbCluster: acto-namespace/test-cluster, still need sync: tidbcluster: [acto-namespace/test-cluster]'s upgraded tidb pod: [test-cluster-tidb-2] is not ready, requeuing
I0227 01:23:10.393059       1 tidb_failover.go:53] tidb failover is disabled for acto-namespace/test-cluster, skipped
I0227 01:23:10.393340       1 statefulset.go:164] set acto-namespace/test-cluster-tidb partition to 2
I0227 01:23:10.393390       1 tidb_cluster_controller.go:124] TidbCluster: acto-namespace/test-cluster, still need sync: tidbcluster: [acto-namespace/test-cluster]'s upgraded tidb pod: [test-cluster-tidb-2] is not ready, requeuing
I0227 01:23:22.342843       1 tidb_failover.go:53] tidb failover is disabled for acto-namespace/test-cluster, skipped
I0227 01:23:22.343122       1 statefulset.go:164] set acto-namespace/test-cluster-tidb partition to 2
I0227 01:23:22.343184       1 tidb_cluster_controller.go:124] TidbCluster: acto-namespace/test-cluster, still need sync: tidbcluster: [acto-namespace/test-cluster]'s upgraded tidb pod: [test-cluster-tidb-2] is not ready, requeuing
I0227 01:23:52.346035       1 tidb_failover.go:53] tidb failover is disabled for acto-namespace/test-cluster, skipped
I0227 01:23:52.346308       1 statefulset.go:164] set acto-namespace/test-cluster-tidb partition to 2
I0227 01:23:52.346359       1 tidb_cluster_controller.go:124] TidbCluster: acto-namespace/test-cluster, still need sync: tidbcluster: [acto-namespace/test-cluster]'s upgraded tidb pod: [test-cluster-tidb-2] is not ready, requeuing
I0227 01:24:22.341710       1 tidb_failover.go:53] tidb failover is disabled for acto-namespace/test-cluster, skipped
I0227 01:24:22.342013       1 statefulset.go:164] set acto-namespace/test-cluster-tidb partition to 2
I0227 01:24:22.342070       1 tidb_cluster_controller.go:124] TidbCluster: acto-namespace/test-cluster, still need sync: tidbcluster: [acto-namespace/test-cluster]'s upgraded tidb pod: [test-cluster-tidb-2] is not ready, requeuing
I0227 01:24:50.443142       1 tidb_failover.go:53] tidb failover is disabled for acto-namespace/test-cluster, skipped
I0227 01:24:50.443448       1 statefulset.go:164] set acto-namespace/test-cluster-tidb partition to 2
I0227 01:24:50.443501       1 tidb_cluster_controller.go:124] TidbCluster: acto-namespace/test-cluster, still need sync: tidbcluster: [acto-namespace/test-cluster]'s upgraded tidb pod: [test-cluster-tidb-2] is not ready, requeuing
I0227 01:24:52.343423       1 tidb_failover.go:53] tidb failover is disabled for acto-namespace/test-cluster, skipped
I0227 01:24:52.343730       1 statefulset.go:164] set acto-namespace/test-cluster-tidb partition to 2
I0227 01:24:52.343784       1 tidb_cluster_controller.go:124] TidbCluster: acto-namespace/test-cluster, still need sync: tidbcluster: [acto-namespace/test-cluster]'s upgraded tidb pod: [test-cluster-tidb-2] is not ready, requeuing
I0227 01:25:22.362528       1 tidb_failover.go:53] tidb failover is disabled for acto-namespace/test-cluster, skipped
I0227 01:25:22.362806       1 statefulset.go:164] set acto-namespace/test-cluster-tidb partition to 2
I0227 01:25:22.362858       1 tidb_cluster_controller.go:124] TidbCluster: acto-namespace/test-cluster, still need sync: tidbcluster: [acto-namespace/test-cluster]'s upgraded tidb pod: [test-cluster-tidb-2] is not ready, requeuing
I0227 01:25:52.343524       1 tidb_failover.go:53] tidb failover is disabled for acto-namespace/test-cluster, skipped
I0227 01:25:52.343881       1 statefulset.go:164] set acto-namespace/test-cluster-tidb partition to 2
I0227 01:25:52.343937       1 tidb_cluster_controller.go:124] TidbCluster: acto-namespace/test-cluster, still need sync: tidbcluster: [acto-namespace/test-cluster]'s upgraded tidb pod: [test-cluster-tidb-2] is not ready, requeuing
I0227 01:26:22.342889       1 tidb_failover.go:53] tidb failover is disabled for acto-namespace/test-cluster, skipped
I0227 01:26:22.343169       1 statefulset.go:164] set acto-namespace/test-cluster-tidb partition to 2
I0227 01:26:22.343218       1 tidb_cluster_controller.go:124] TidbCluster: acto-namespace/test-cluster, still need sync: tidbcluster: [acto-namespace/test-cluster]'s upgraded tidb pod: [test-cluster-tidb-2] is not ready, requeuing
I0227 01:26:30.497865       1 tidb_failover.go:53] tidb failover is disabled for acto-namespace/test-cluster, skipped
I0227 01:26:30.498140       1 statefulset.go:164] set acto-namespace/test-cluster-tidb partition to 2
I0227 01:26:30.498192       1 tidb_cluster_controller.go:124] TidbCluster: acto-namespace/test-cluster, still need sync: tidbcluster: [acto-namespace/test-cluster]'s upgraded tidb pod: [test-cluster-tidb-2] is not ready, requeuing
I0227 01:26:52.344353       1 tidb_failover.go:53] tidb failover is disabled for acto-namespace/test-cluster, skipped
I0227 01:26:52.344638       1 statefulset.go:164] set acto-namespace/test-cluster-tidb partition to 2
I0227 01:26:52.344690       1 tidb_cluster_controller.go:124] TidbCluster: acto-namespace/test-cluster, still need sync: tidbcluster: [acto-namespace/test-cluster]'s upgraded tidb pod: [test-cluster-tidb-2] is not ready, requeuing
I0227 01:27:22.344876       1 tidb_failover.go:53] tidb failover is disabled for acto-namespace/test-cluster, skipped
I0227 01:27:22.345185       1 statefulset.go:164] set acto-namespace/test-cluster-tidb partition to 2
I0227 01:27:22.345241       1 tidb_cluster_controller.go:124] TidbCluster: acto-namespace/test-cluster, still need sync: tidbcluster: [acto-namespace/test-cluster]'s upgraded tidb pod: [test-cluster-tidb-2] is not ready, requeuing
I0227 01:27:52.343266       1 tidb_failover.go:53] tidb failover is disabled for acto-namespace/test-cluster, skipped
I0227 01:27:52.343574       1 statefulset.go:164] set acto-namespace/test-cluster-tidb partition to 2
I0227 01:27:52.343650       1 tidb_cluster_controller.go:124] TidbCluster: acto-namespace/test-cluster, still need sync: tidbcluster: [acto-namespace/test-cluster]'s upgraded tidb pod: [test-cluster-tidb-2] is not ready, requeuing
I0227 01:28:10.553526       1 tidb_failover.go:53] tidb failover is disabled for acto-namespace/test-cluster, skipped
I0227 01:28:10.553830       1 statefulset.go:164] set acto-namespace/test-cluster-tidb partition to 2
I0227 01:28:10.553884       1 tidb_cluster_controller.go:124] TidbCluster: acto-namespace/test-cluster, still need sync: tidbcluster: [acto-namespace/test-cluster]'s upgraded tidb pod: [test-cluster-tidb-2] is not ready, requeuing
I0227 01:28:22.344436       1 tidb_failover.go:53] tidb failover is disabled for acto-namespace/test-cluster, skipped
I0227 01:28:22.344749       1 statefulset.go:164] set acto-namespace/test-cluster-tidb partition to 2
I0227 01:28:22.344805       1 tidb_cluster_controller.go:124] TidbCluster: acto-namespace/test-cluster, still need sync: tidbcluster: [acto-namespace/test-cluster]'s upgraded tidb pod: [test-cluster-tidb-2] is not ready, requeuing
I0227 01:28:52.347658       1 tidb_failover.go:53] tidb failover is disabled for acto-namespace/test-cluster, skipped
I0227 01:28:52.348142       1 statefulset.go:164] set acto-namespace/test-cluster-tidb partition to 2
I0227 01:28:52.348217       1 tidb_cluster_controller.go:124] TidbCluster: acto-namespace/test-cluster, still need sync: tidbcluster: [acto-namespace/test-cluster]'s upgraded tidb pod: [test-cluster-tidb-2] is not ready, requeuing
I0227 01:29:22.345324       1 tidb_failover.go:53] tidb failover is disabled for acto-namespace/test-cluster, skipped
I0227 01:29:22.345613       1 statefulset.go:164] set acto-namespace/test-cluster-tidb partition to 2
I0227 01:29:22.345666       1 tidb_cluster_controller.go:124] TidbCluster: acto-namespace/test-cluster, still need sync: tidbcluster: [acto-namespace/test-cluster]'s upgraded tidb pod: [test-cluster-tidb-2] is not ready, requeuing
I0227 01:29:50.604240       1 tidb_failover.go:53] tidb failover is disabled for acto-namespace/test-cluster, skipped
I0227 01:29:50.604523       1 statefulset.go:164] set acto-namespace/test-cluster-tidb partition to 2
I0227 01:29:50.604574       1 tidb_cluster_controller.go:124] TidbCluster: acto-namespace/test-cluster, still need sync: tidbcluster: [acto-namespace/test-cluster]'s upgraded tidb pod: [test-cluster-tidb-2] is not ready, requeuing
I0227 01:29:52.349481       1 tidb_failover.go:53] tidb failover is disabled for acto-namespace/test-cluster, skipped
I0227 01:29:52.349795       1 statefulset.go:164] set acto-namespace/test-cluster-tidb partition to 2
I0227 01:29:52.349849       1 tidb_cluster_controller.go:124] TidbCluster: acto-namespace/test-cluster, still need sync: tidbcluster: [acto-namespace/test-cluster]'s upgraded tidb pod: [test-cluster-tidb-2] is not ready, requeuing
