I0227 01:19:34.881237       1 version.go:38] Welcome to TiDB Operator.
I0227 01:19:34.881253       1 version.go:39] TiDB Operator Version: version.Info{GitVersion:"v1.3.2", GitCommit:"019c90c96c748ed6e5bdee2c3b7594a6c211f32a", GitTreeState:"clean", BuildDate:"2022-03-17T16:23:53Z", GoVersion:"go1.13.8", Compiler:"gc", Platform:"linux/amd64"}
I0227 01:19:34.881269       1 main.go:75] FLAG: --V="false"
I0227 01:19:34.881273       1 main.go:75] FLAG: --add_dir_header="false"
I0227 01:19:34.881275       1 main.go:75] FLAG: --alsologtostderr="false"
I0227 01:19:34.881277       1 main.go:75] FLAG: --auto-failover="true"
I0227 01:19:34.881278       1 main.go:75] FLAG: --cluster-permission-node="true"
I0227 01:19:34.881280       1 main.go:75] FLAG: --cluster-permission-pv="true"
I0227 01:19:34.881282       1 main.go:75] FLAG: --cluster-permission-sc="true"
I0227 01:19:34.881284       1 main.go:75] FLAG: --cluster-scoped="true"
I0227 01:19:34.881285       1 main.go:75] FLAG: --dm-master-failover-period="5m0s"
I0227 01:19:34.881298       1 main.go:75] FLAG: --dm-worker-failover-period="5m0s"
I0227 01:19:34.881300       1 main.go:75] FLAG: --features="AdvancedStatefulSet=false,AutoScaling=false,StableScheduling=true"
I0227 01:19:34.881306       1 main.go:75] FLAG: --leader-lease-duration="15s"
I0227 01:19:34.881308       1 main.go:75] FLAG: --leader-renew-deadline="10s"
I0227 01:19:34.881310       1 main.go:75] FLAG: --leader-retry-period="2s"
I0227 01:19:34.881312       1 main.go:75] FLAG: --log_backtrace_at=":0"
I0227 01:19:34.881316       1 main.go:75] FLAG: --log_dir=""
I0227 01:19:34.881318       1 main.go:75] FLAG: --log_file=""
I0227 01:19:34.881320       1 main.go:75] FLAG: --log_file_max_size="1800"
I0227 01:19:34.881323       1 main.go:75] FLAG: --logtostderr="true"
I0227 01:19:34.881324       1 main.go:75] FLAG: --pd-failover-period="5m0s"
I0227 01:19:34.881326       1 main.go:75] FLAG: --resync-duration="30s"
I0227 01:19:34.881328       1 main.go:75] FLAG: --selector=""
I0227 01:19:34.881329       1 main.go:75] FLAG: --skip_headers="false"
I0227 01:19:34.881331       1 main.go:75] FLAG: --skip_log_headers="false"
I0227 01:19:34.881332       1 main.go:75] FLAG: --stderrthreshold="2"
I0227 01:19:34.881335       1 main.go:75] FLAG: --test-mode="false"
I0227 01:19:34.881337       1 main.go:75] FLAG: --tidb-backup-manager-image="pingcap/tidb-backup-manager:v1.3.2"
I0227 01:19:34.881339       1 main.go:75] FLAG: --tidb-discovery-image="pingcap/tidb-operator:v1.3.2"
I0227 01:19:34.881340       1 main.go:75] FLAG: --tidb-failover-period="5m0s"
I0227 01:19:34.881342       1 main.go:75] FLAG: --tiflash-failover-period="5m0s"
I0227 01:19:34.881344       1 main.go:75] FLAG: --tikv-failover-period="5m0s"
I0227 01:19:34.881345       1 main.go:75] FLAG: --v="2"
I0227 01:19:34.881347       1 main.go:75] FLAG: --version="false"
I0227 01:19:34.881349       1 main.go:75] FLAG: --vmodule=""
I0227 01:19:34.881351       1 main.go:75] FLAG: --workers="5"
I0227 01:19:34.881372       1 main.go:92] HELM_RELEASE environment variable not set
I0227 01:19:34.898081       1 leaderelection.go:243] attempting to acquire leader lease  acto-namespace/tidb-controller-manager...
I0227 01:19:52.281974       1 leaderelection.go:253] successfully acquired lease acto-namespace/tidb-controller-manager
I0227 01:19:52.283155       1 upgrader.go:109] Upgrader: APIGroup apps.pingcap.com is not registered, skip checking Advanced Statfulset
I0227 01:19:52.283371       1 reflector.go:207] Starting reflector *v1alpha1.TidbCluster (30s) from k8s.io/client-go@v0.19.16/tools/cache/reflector.go:156
I0227 01:19:52.283371       1 reflector.go:207] Starting reflector *v1alpha1.BackupSchedule (30s) from k8s.io/client-go@v0.19.16/tools/cache/reflector.go:156
I0227 01:19:52.283387       1 reflector.go:207] Starting reflector *v1alpha1.TidbNGMonitoring (30s) from k8s.io/client-go@v0.19.16/tools/cache/reflector.go:156
I0227 01:19:52.283396       1 reflector.go:207] Starting reflector *v1alpha1.TidbMonitor (30s) from k8s.io/client-go@v0.19.16/tools/cache/reflector.go:156
I0227 01:19:52.283454       1 reflector.go:207] Starting reflector *v1alpha1.DMCluster (30s) from k8s.io/client-go@v0.19.16/tools/cache/reflector.go:156
I0227 01:19:52.283469       1 reflector.go:207] Starting reflector *v1alpha1.TidbInitializer (30s) from k8s.io/client-go@v0.19.16/tools/cache/reflector.go:156
I0227 01:19:52.283371       1 reflector.go:207] Starting reflector *v1alpha1.Backup (30s) from k8s.io/client-go@v0.19.16/tools/cache/reflector.go:156
I0227 01:19:52.283371       1 reflector.go:207] Starting reflector *v1alpha1.Restore (30s) from k8s.io/client-go@v0.19.16/tools/cache/reflector.go:156
I0227 01:19:52.283568       1 reflector.go:207] Starting reflector *v1alpha1.TidbClusterAutoScaler (30s) from k8s.io/client-go@v0.19.16/tools/cache/reflector.go:156
I0227 01:19:52.383462       1 reflector.go:207] Starting reflector *v1.StatefulSet (30s) from k8s.io/client-go@v0.19.16/tools/cache/reflector.go:156
I0227 01:19:52.383478       1 reflector.go:207] Starting reflector *v1.Node (30s) from k8s.io/client-go@v0.19.16/tools/cache/reflector.go:156
I0227 01:19:52.383505       1 reflector.go:207] Starting reflector *v1.PersistentVolume (30s) from k8s.io/client-go@v0.19.16/tools/cache/reflector.go:156
I0227 01:19:52.383508       1 reflector.go:207] Starting reflector *v1.Deployment (30s) from k8s.io/client-go@v0.19.16/tools/cache/reflector.go:156
I0227 01:19:52.383518       1 reflector.go:207] Starting reflector *v1.Pod (30s) from k8s.io/client-go@v0.19.16/tools/cache/reflector.go:156
I0227 01:19:52.383552       1 reflector.go:207] Starting reflector *v1.Service (30s) from k8s.io/client-go@v0.19.16/tools/cache/reflector.go:156
I0227 01:19:52.383462       1 reflector.go:207] Starting reflector *v1.Secret (30s) from k8s.io/client-go@v0.19.16/tools/cache/reflector.go:156
I0227 01:19:52.383555       1 reflector.go:207] Starting reflector *v1.Endpoints (30s) from k8s.io/client-go@v0.19.16/tools/cache/reflector.go:156
I0227 01:19:52.383568       1 reflector.go:207] Starting reflector *v1.Ingress (30s) from k8s.io/client-go@v0.19.16/tools/cache/reflector.go:156
I0227 01:19:52.383572       1 reflector.go:207] Starting reflector *v1.PersistentVolumeClaim (30s) from k8s.io/client-go@v0.19.16/tools/cache/reflector.go:156
I0227 01:19:52.383579       1 reflector.go:207] Starting reflector *v1.StorageClass (30s) from k8s.io/client-go@v0.19.16/tools/cache/reflector.go:156
I0227 01:19:52.383579       1 reflector.go:207] Starting reflector *v1.Job (30s) from k8s.io/client-go@v0.19.16/tools/cache/reflector.go:156
I0227 01:19:52.483610       1 reflector.go:207] Starting reflector *v1.ConfigMap (30s) from k8s.io/client-go@v0.19.16/tools/cache/reflector.go:156
I0227 01:19:52.683768       1 main.go:189] cache of informer factories sync successfully
I0227 01:19:52.683791       1 tidb_ng_monitoring_controller.go:78] Starting tidbngmonitor controller
I0227 01:19:52.683802       1 tidb_cluster_controller.go:98] Starting tidbcluster controller
I0227 01:19:52.683809       1 pod_control.go:113] Starting tidbcluster pod controller
I0227 01:19:52.683837       1 tidb_initializer_controller.go:69] Starting tidbinitializer controller
I0227 01:19:52.683847       1 tidb_monitor_controller.go:65] Starting tidbmonitor controller
I0227 01:19:52.683850       1 backup_controller.go:78] Starting backup controller
I0227 01:19:52.683874       1 restore_controller.go:71] Starting restore controller
I0227 01:19:52.683880       1 backup_schedule_controller.go:70] Starting backup schedule controller
I0227 01:19:52.683839       1 dm_cluster_controller.go:91] Starting dmcluster controller
I0227 01:19:59.810750       1 event.go:282] Event(v1.ObjectReference{Kind:"TidbCluster", Namespace:"acto-namespace", Name:"test-cluster", UID:"eff6561e-bf0d-471c-99a1-71f35603bc87", APIVersion:"pingcap.com/v1alpha1", ResourceVersion:"847", FieldPath:""}): type: 'Normal' reason: 'Successfully Create' create Role/test-cluster-discovery for controller TidbCluster/test-cluster successfully
I0227 01:19:59.813681       1 event.go:282] Event(v1.ObjectReference{Kind:"TidbCluster", Namespace:"acto-namespace", Name:"test-cluster", UID:"eff6561e-bf0d-471c-99a1-71f35603bc87", APIVersion:"pingcap.com/v1alpha1", ResourceVersion:"847", FieldPath:""}): type: 'Normal' reason: 'Successfully Create' create ServiceAccount/test-cluster-discovery for controller TidbCluster/test-cluster successfully
I0227 01:19:59.823640       1 event.go:282] Event(v1.ObjectReference{Kind:"TidbCluster", Namespace:"acto-namespace", Name:"test-cluster", UID:"eff6561e-bf0d-471c-99a1-71f35603bc87", APIVersion:"pingcap.com/v1alpha1", ResourceVersion:"847", FieldPath:""}): type: 'Normal' reason: 'Successfully Create' create RoleBinding/test-cluster-discovery for controller TidbCluster/test-cluster successfully
I0227 01:19:59.828434       1 event.go:282] Event(v1.ObjectReference{Kind:"TidbCluster", Namespace:"acto-namespace", Name:"test-cluster", UID:"eff6561e-bf0d-471c-99a1-71f35603bc87", APIVersion:"pingcap.com/v1alpha1", ResourceVersion:"847", FieldPath:""}): type: 'Normal' reason: 'Successfully Create' create Deployment/test-cluster-discovery for controller TidbCluster/test-cluster successfully
I0227 01:19:59.837037       1 event.go:282] Event(v1.ObjectReference{Kind:"TidbCluster", Namespace:"acto-namespace", Name:"test-cluster", UID:"eff6561e-bf0d-471c-99a1-71f35603bc87", APIVersion:"pingcap.com/v1alpha1", ResourceVersion:"847", FieldPath:""}): type: 'Normal' reason: 'Successfully Create' create Service/test-cluster-discovery for controller TidbCluster/test-cluster successfully
I0227 01:19:59.858640       1 event.go:282] Event(v1.ObjectReference{Kind:"TidbCluster", Namespace:"acto-namespace", Name:"test-cluster", UID:"eff6561e-bf0d-471c-99a1-71f35603bc87", APIVersion:"pingcap.com/v1alpha1", ResourceVersion:"847", FieldPath:""}): type: 'Normal' reason: 'SuccessfulCreate' create Service test-cluster-pd in  test-cluster successful
I0227 01:19:59.868644       1 event.go:282] Event(v1.ObjectReference{Kind:"TidbCluster", Namespace:"acto-namespace", Name:"test-cluster", UID:"eff6561e-bf0d-471c-99a1-71f35603bc87", APIVersion:"pingcap.com/v1alpha1", ResourceVersion:"847", FieldPath:""}): type: 'Normal' reason: 'SuccessfulCreate' create Service test-cluster-pd-peer in  test-cluster successful
I0227 01:19:59.876097       1 event.go:282] Event(v1.ObjectReference{Kind:"TidbCluster", Namespace:"acto-namespace", Name:"test-cluster", UID:"eff6561e-bf0d-471c-99a1-71f35603bc87", APIVersion:"pingcap.com/v1alpha1", ResourceVersion:"847", FieldPath:""}): type: 'Normal' reason: 'Successfully Create' create ConfigMap/test-cluster-pd-3731616 for controller TidbCluster/test-cluster successfully
I0227 01:19:59.886203       1 event.go:282] Event(v1.ObjectReference{Kind:"TidbCluster", Namespace:"acto-namespace", Name:"test-cluster", UID:"eff6561e-bf0d-471c-99a1-71f35603bc87", APIVersion:"pingcap.com/v1alpha1", ResourceVersion:"847", FieldPath:""}): type: 'Normal' reason: 'SuccessfulCreate' create StatefulSet test-cluster-pd in  test-cluster successful
I0227 01:19:59.893964       1 tidbcluster_control.go:69] TidbCluster: [acto-namespace/test-cluster] updated successfully
I0227 01:19:59.893979       1 tidb_cluster_controller.go:124] TidbCluster: acto-namespace/test-cluster, still need sync: TidbCluster: [acto-namespace/test-cluster], waiting for PD cluster running, requeuing
E0227 01:20:00.004037       1 pd_member_manager.go:190] failed to sync TidbCluster: [acto-namespace/test-cluster]'s status, error: Get http://test-cluster-pd.acto-namespace:2379/pd/health: dial tcp 10.96.11.162:2379: connect: connection refused, service acto-namespace/test-cluster-pd has no endpoints
I0227 01:20:00.017382       1 tidbcluster_control.go:69] TidbCluster: [acto-namespace/test-cluster] updated successfully
E0227 01:20:00.017400       1 tidb_cluster_controller.go:126] TidbCluster: acto-namespace/test-cluster, sync failed TidbCluster: acto-namespace/test-cluster .Status.PD.Synced = false, can't failover, requeuing
E0227 01:20:00.056262       1 pd_member_manager.go:190] failed to sync TidbCluster: [acto-namespace/test-cluster]'s status, error: Get http://test-cluster-pd.acto-namespace:2379/pd/health: dial tcp 10.96.11.162:2379: connect: connection refused, service acto-namespace/test-cluster-pd has no endpoints
E0227 01:20:00.062532       1 tidb_cluster_controller.go:126] TidbCluster: acto-namespace/test-cluster, sync failed TidbCluster: acto-namespace/test-cluster .Status.PD.Synced = false, can't failover, requeuing
E0227 01:20:00.945802       1 pd_member_manager.go:190] failed to sync TidbCluster: [acto-namespace/test-cluster]'s status, error: Get http://test-cluster-pd.acto-namespace:2379/pd/health: dial tcp 10.96.11.162:2379: connect: connection refused, service acto-namespace/test-cluster-pd has no endpoints
E0227 01:20:00.955113       1 tidb_cluster_controller.go:126] TidbCluster: acto-namespace/test-cluster, sync failed TidbCluster: acto-namespace/test-cluster .Status.PD.Synced = false, can't failover, requeuing
I0227 01:20:04.536235       1 event.go:282] Event(v1.ObjectReference{Kind:"TidbCluster", Namespace:"acto-namespace", Name:"test-cluster", UID:"eff6561e-bf0d-471c-99a1-71f35603bc87", APIVersion:"pingcap.com/v1alpha1", ResourceVersion:"930", FieldPath:""}): type: 'Normal' reason: 'SuccessfulPatch' patch PV pvc-4ca5c277-cce5-49c9-8693-75ec1a7ef074 in TidbCluster test-cluster successful
I0227 01:20:04.540605       1 event.go:282] Event(v1.ObjectReference{Kind:"TidbCluster", Namespace:"acto-namespace", Name:"test-cluster", UID:"eff6561e-bf0d-471c-99a1-71f35603bc87", APIVersion:"pingcap.com/v1alpha1", ResourceVersion:"930", FieldPath:""}): type: 'Normal' reason: 'SuccessfulPatch' patch PV pvc-6e74bcf6-9557-43e9-975d-c258e0774be5 in TidbCluster test-cluster successful
I0227 01:20:04.553938       1 event.go:282] Event(v1.ObjectReference{Kind:"TidbCluster", Namespace:"acto-namespace", Name:"test-cluster", UID:"eff6561e-bf0d-471c-99a1-71f35603bc87", APIVersion:"pingcap.com/v1alpha1", ResourceVersion:"930", FieldPath:""}): type: 'Normal' reason: 'SuccessfulPatch' patch PV pvc-4347573f-2369-4cd1-aa31-97a0edae4ab5 in TidbCluster test-cluster successful
E0227 01:20:09.584758       1 pd_member_manager.go:190] failed to sync TidbCluster: [acto-namespace/test-cluster]'s status, error: Get http://test-cluster-pd.acto-namespace:2379/pd/health: net/http: request canceled while waiting for connection (Client.Timeout exceeded while awaiting headers)
I0227 01:20:09.596542       1 tidbcluster_control.go:69] TidbCluster: [acto-namespace/test-cluster] updated successfully
E0227 01:20:09.596563       1 tidb_cluster_controller.go:126] TidbCluster: acto-namespace/test-cluster, sync failed TidbCluster: acto-namespace/test-cluster .Status.PD.Synced = false, can't failover, requeuing
E0227 01:20:09.621351       1 pd_member_manager.go:190] failed to sync TidbCluster: [acto-namespace/test-cluster]'s status, error: Get http://test-cluster-pd.acto-namespace:2379/pd/health: dial tcp 10.96.11.162:2379: connect: connection refused
I0227 01:20:09.645718       1 tidbcluster_control.go:69] TidbCluster: [acto-namespace/test-cluster] updated successfully
E0227 01:20:09.645735       1 tidb_cluster_controller.go:126] TidbCluster: acto-namespace/test-cluster, sync failed TidbCluster: acto-namespace/test-cluster .Status.PD.Synced = false, can't failover, requeuing
E0227 01:20:09.670724       1 pd_member_manager.go:190] failed to sync TidbCluster: [acto-namespace/test-cluster]'s status, error: Get http://test-cluster-pd.acto-namespace:2379/pd/health: dial tcp 10.96.11.162:2379: connect: connection refused
I0227 01:20:09.692262       1 tidbcluster_control.go:69] TidbCluster: [acto-namespace/test-cluster] updated successfully
E0227 01:20:09.692278       1 tidb_cluster_controller.go:126] TidbCluster: acto-namespace/test-cluster, sync failed TidbCluster: acto-namespace/test-cluster .Status.PD.Synced = false, can't failover, requeuing
E0227 01:20:09.719323       1 pd_member_manager.go:190] failed to sync TidbCluster: [acto-namespace/test-cluster]'s status, error: Get http://test-cluster-pd.acto-namespace:2379/pd/health: dial tcp 10.96.11.162:2379: connect: connection refused
E0227 01:20:09.722916       1 tidb_cluster_controller.go:126] TidbCluster: acto-namespace/test-cluster, sync failed TidbCluster: acto-namespace/test-cluster .Status.PD.Synced = false, can't failover, requeuing
E0227 01:20:22.327086       1 pd_failover.go:70] PD failover replicas (0) reaches the limit (0), skip failover
I0227 01:20:22.329656       1 event.go:282] Event(v1.ObjectReference{Kind:"TidbCluster", Namespace:"acto-namespace", Name:"test-cluster", UID:"eff6561e-bf0d-471c-99a1-71f35603bc87", APIVersion:"pingcap.com/v1alpha1", ResourceVersion:"1051", FieldPath:""}): type: 'Normal' reason: 'SuccessfulCreate' create Service test-cluster-tikv-peer in  test-cluster successful
I0227 01:20:22.332107       1 event.go:282] Event(v1.ObjectReference{Kind:"TidbCluster", Namespace:"acto-namespace", Name:"test-cluster", UID:"eff6561e-bf0d-471c-99a1-71f35603bc87", APIVersion:"pingcap.com/v1alpha1", ResourceVersion:"1051", FieldPath:""}): type: 'Normal' reason: 'Successfully Create' create ConfigMap/test-cluster-tikv-3831336 for controller TidbCluster/test-cluster successfully
I0227 01:20:22.335572       1 event.go:282] Event(v1.ObjectReference{Kind:"TidbCluster", Namespace:"acto-namespace", Name:"test-cluster", UID:"eff6561e-bf0d-471c-99a1-71f35603bc87", APIVersion:"pingcap.com/v1alpha1", ResourceVersion:"1051", FieldPath:""}): type: 'Normal' reason: 'SuccessfulCreate' create StatefulSet test-cluster-tikv in  test-cluster successful
I0227 01:20:22.341663       1 tidbcluster_control.go:69] TidbCluster: [acto-namespace/test-cluster] updated successfully
I0227 01:20:22.341676       1 tidb_cluster_controller.go:124] TidbCluster: acto-namespace/test-cluster, still need sync: TidbCluster: [acto-namespace/test-cluster], waiting for TiKV cluster running, requeuing
E0227 01:20:22.400545       1 pd_failover.go:70] PD failover replicas (0) reaches the limit (0), skip failover
I0227 01:20:22.402836       1 tikv_member_manager.go:787] TiKV of Cluster acto-namespace/test-cluster not bootstrapped yet
I0227 01:20:22.406032       1 tikv_member_manager.go:885] TiKV of Cluster acto-namespace/test-cluster is not bootstrapped yet, no need to set store labels
I0227 01:20:22.426658       1 tidbcluster_control.go:69] TidbCluster: [acto-namespace/test-cluster] updated successfully
I0227 01:20:22.426671       1 tidb_cluster_controller.go:124] TidbCluster: acto-namespace/test-cluster, still need sync: TidbCluster: [acto-namespace/test-cluster], waiting for TiKV cluster running, requeuing
E0227 01:20:22.461180       1 pd_failover.go:70] PD failover replicas (0) reaches the limit (0), skip failover
I0227 01:20:22.462534       1 tikv_member_manager.go:787] TiKV of Cluster acto-namespace/test-cluster not bootstrapped yet
I0227 01:20:22.524700       1 tikv_member_manager.go:885] TiKV of Cluster acto-namespace/test-cluster is not bootstrapped yet, no need to set store labels
I0227 01:20:22.529738       1 tidbcluster_control.go:69] TidbCluster: [acto-namespace/test-cluster] updated successfully
I0227 01:20:22.529751       1 tidb_cluster_controller.go:124] TidbCluster: acto-namespace/test-cluster, still need sync: TidbCluster: [acto-namespace/test-cluster], waiting for TiKV cluster running, requeuing
E0227 01:20:22.924626       1 pd_failover.go:70] PD failover replicas (0) reaches the limit (0), skip failover
I0227 01:20:22.926216       1 tikv_member_manager.go:787] TiKV of Cluster acto-namespace/test-cluster not bootstrapped yet
I0227 01:20:23.324857       1 tikv_member_manager.go:885] TiKV of Cluster acto-namespace/test-cluster is not bootstrapped yet, no need to set store labels
I0227 01:20:23.330015       1 tidbcluster_control.go:69] TidbCluster: [acto-namespace/test-cluster] updated successfully
I0227 01:20:23.330027       1 tidb_cluster_controller.go:124] TidbCluster: acto-namespace/test-cluster, still need sync: TidbCluster: [acto-namespace/test-cluster], waiting for TiKV cluster running, requeuing
I0227 01:20:25.588554       1 event.go:282] Event(v1.ObjectReference{Kind:"TidbCluster", Namespace:"acto-namespace", Name:"test-cluster", UID:"eff6561e-bf0d-471c-99a1-71f35603bc87", APIVersion:"pingcap.com/v1alpha1", ResourceVersion:"1132", FieldPath:""}): type: 'Normal' reason: 'SuccessfulPatch' patch PV pvc-4c76d8f3-3a67-412e-875b-dae964805d9f in TidbCluster test-cluster successful
I0227 01:20:25.592058       1 event.go:282] Event(v1.ObjectReference{Kind:"TidbCluster", Namespace:"acto-namespace", Name:"test-cluster", UID:"eff6561e-bf0d-471c-99a1-71f35603bc87", APIVersion:"pingcap.com/v1alpha1", ResourceVersion:"1132", FieldPath:""}): type: 'Normal' reason: 'SuccessfulPatch' patch PV pvc-36ffe414-4968-4c09-977a-799a62b46134 in TidbCluster test-cluster successful
E0227 01:20:25.633883       1 pd_failover.go:70] PD failover replicas (0) reaches the limit (0), skip failover
I0227 01:20:25.635939       1 tikv_member_manager.go:787] TiKV of Cluster acto-namespace/test-cluster not bootstrapped yet
I0227 01:20:25.639827       1 tikv_member_manager.go:885] TiKV of Cluster acto-namespace/test-cluster is not bootstrapped yet, no need to set store labels
I0227 01:20:25.646320       1 tidbcluster_control.go:69] TidbCluster: [acto-namespace/test-cluster] updated successfully
I0227 01:20:25.646369       1 tidb_cluster_controller.go:124] TidbCluster: acto-namespace/test-cluster, still need sync: TidbCluster: [acto-namespace/test-cluster], waiting for TiKV cluster running, requeuing
E0227 01:20:25.685355       1 pd_failover.go:70] PD failover replicas (0) reaches the limit (0), skip failover
I0227 01:20:25.686735       1 tikv_member_manager.go:787] TiKV of Cluster acto-namespace/test-cluster not bootstrapped yet
I0227 01:20:25.691899       1 tikv_member_manager.go:885] TiKV of Cluster acto-namespace/test-cluster is not bootstrapped yet, no need to set store labels
I0227 01:20:25.696888       1 tidbcluster_control.go:69] TidbCluster: [acto-namespace/test-cluster] updated successfully
I0227 01:20:25.696901       1 tidb_cluster_controller.go:124] TidbCluster: acto-namespace/test-cluster, still need sync: TidbCluster: [acto-namespace/test-cluster], waiting for TiKV cluster running, requeuing
I0227 01:20:26.422425       1 event.go:282] Event(v1.ObjectReference{Kind:"TidbCluster", Namespace:"acto-namespace", Name:"test-cluster", UID:"eff6561e-bf0d-471c-99a1-71f35603bc87", APIVersion:"pingcap.com/v1alpha1", ResourceVersion:"1196", FieldPath:""}): type: 'Normal' reason: 'SuccessfulPatch' patch PV pvc-c3881bdf-3987-4437-afed-2cce93ffbdf3 in TidbCluster test-cluster successful
E0227 01:20:26.464416       1 pd_failover.go:70] PD failover replicas (0) reaches the limit (0), skip failover
I0227 01:20:26.481136       1 tidbcluster_control.go:69] TidbCluster: [acto-namespace/test-cluster] updated successfully
I0227 01:20:26.481154       1 tidb_cluster_controller.go:124] TidbCluster: acto-namespace/test-cluster, still need sync: TidbCluster: [acto-namespace/test-cluster], waiting for TiKV cluster running, requeuing
E0227 01:20:26.525023       1 pd_failover.go:70] PD failover replicas (0) reaches the limit (0), skip failover
I0227 01:20:26.843954       1 tidbcluster_control.go:69] TidbCluster: [acto-namespace/test-cluster] updated successfully
I0227 01:20:26.844115       1 tidb_cluster_controller.go:124] TidbCluster: acto-namespace/test-cluster, still need sync: TidbCluster: [acto-namespace/test-cluster], waiting for TiKV cluster running, requeuing
E0227 01:20:27.231714       1 pd_failover.go:70] PD failover replicas (0) reaches the limit (0), skip failover
I0227 01:20:27.642181       1 tidbcluster_control.go:69] TidbCluster: [acto-namespace/test-cluster] updated successfully
I0227 01:20:27.642194       1 tidb_cluster_controller.go:124] TidbCluster: acto-namespace/test-cluster, still need sync: TidbCluster: [acto-namespace/test-cluster], waiting for TiKV cluster running, requeuing
E0227 01:20:28.031239       1 pd_failover.go:70] PD failover replicas (0) reaches the limit (0), skip failover
I0227 01:20:28.444154       1 tidbcluster_control.go:69] TidbCluster: [acto-namespace/test-cluster] updated successfully
I0227 01:20:28.444166       1 tidb_cluster_controller.go:124] TidbCluster: acto-namespace/test-cluster, still need sync: TidbCluster: [acto-namespace/test-cluster], waiting for TiKV cluster running, requeuing
E0227 01:20:28.831492       1 pd_failover.go:70] PD failover replicas (0) reaches the limit (0), skip failover
I0227 01:20:29.244385       1 tidbcluster_control.go:69] TidbCluster: [acto-namespace/test-cluster] updated successfully
I0227 01:20:29.244403       1 tidb_cluster_controller.go:124] TidbCluster: acto-namespace/test-cluster, still need sync: TidbCluster: [acto-namespace/test-cluster], waiting for TiKV cluster running, requeuing
E0227 01:20:29.631261       1 pd_failover.go:70] PD failover replicas (0) reaches the limit (0), skip failover
I0227 01:20:30.042504       1 tidbcluster_control.go:69] TidbCluster: [acto-namespace/test-cluster] updated successfully
I0227 01:20:30.042516       1 tidb_cluster_controller.go:124] TidbCluster: acto-namespace/test-cluster, still need sync: TidbCluster: [acto-namespace/test-cluster], waiting for TiKV cluster running, requeuing
E0227 01:20:30.431231       1 pd_failover.go:70] PD failover replicas (0) reaches the limit (0), skip failover
I0227 01:20:30.841029       1 tidbcluster_control.go:69] TidbCluster: [acto-namespace/test-cluster] updated successfully
I0227 01:20:30.841043       1 tidb_cluster_controller.go:124] TidbCluster: acto-namespace/test-cluster, still need sync: TidbCluster: [acto-namespace/test-cluster], waiting for TiKV cluster running, requeuing
E0227 01:20:31.231408       1 pd_failover.go:70] PD failover replicas (0) reaches the limit (0), skip failover
I0227 01:20:31.640128       1 tidbcluster_control.go:69] TidbCluster: [acto-namespace/test-cluster] updated successfully
I0227 01:20:31.640140       1 tidb_cluster_controller.go:124] TidbCluster: acto-namespace/test-cluster, still need sync: TidbCluster: [acto-namespace/test-cluster], waiting for TiKV cluster running, requeuing
I0227 01:20:52.344660       1 event.go:282] Event(v1.ObjectReference{Kind:"TidbCluster", Namespace:"acto-namespace", Name:"test-cluster", UID:"eff6561e-bf0d-471c-99a1-71f35603bc87", APIVersion:"pingcap.com/v1alpha1", ResourceVersion:"1276", FieldPath:""}): type: 'Normal' reason: 'SuccessfulCreate' create Service test-cluster-tidb-peer in  test-cluster successful
I0227 01:20:52.354517       1 event.go:282] Event(v1.ObjectReference{Kind:"TidbCluster", Namespace:"acto-namespace", Name:"test-cluster", UID:"eff6561e-bf0d-471c-99a1-71f35603bc87", APIVersion:"pingcap.com/v1alpha1", ResourceVersion:"1276", FieldPath:""}): type: 'Normal' reason: 'SuccessfulCreate' create Service test-cluster-tidb in  test-cluster successful
I0227 01:20:52.358202       1 event.go:282] Event(v1.ObjectReference{Kind:"TidbCluster", Namespace:"acto-namespace", Name:"test-cluster", UID:"eff6561e-bf0d-471c-99a1-71f35603bc87", APIVersion:"pingcap.com/v1alpha1", ResourceVersion:"1276", FieldPath:""}): type: 'Normal' reason: 'Successfully Create' create ConfigMap/test-cluster-tidb-6662316 for controller TidbCluster/test-cluster successfully
I0227 01:20:52.362419       1 event.go:282] Event(v1.ObjectReference{Kind:"TidbCluster", Namespace:"acto-namespace", Name:"test-cluster", UID:"eff6561e-bf0d-471c-99a1-71f35603bc87", APIVersion:"pingcap.com/v1alpha1", ResourceVersion:"1276", FieldPath:""}): type: 'Normal' reason: 'SuccessfulCreate' create StatefulSet test-cluster-tidb in  test-cluster successful
I0227 01:20:52.380262       1 pv_control.go:192] PV: [pvc-4347573f-2369-4cd1-aa31-97a0edae4ab5] updated successfully, : acto-namespace/test-cluster
I0227 01:20:52.944778       1 pv_control.go:192] PV: [pvc-4ca5c277-cce5-49c9-8693-75ec1a7ef074] updated successfully, : acto-namespace/test-cluster
I0227 01:20:53.745596       1 pv_control.go:192] PV: [pvc-c3881bdf-3987-4437-afed-2cce93ffbdf3] updated successfully, : acto-namespace/test-cluster
I0227 01:20:54.347591       1 pv_control.go:192] PV: [pvc-36ffe414-4968-4c09-977a-799a62b46134] updated successfully, : acto-namespace/test-cluster
I0227 01:20:54.946376       1 pv_control.go:192] PV: [pvc-4c76d8f3-3a67-412e-875b-dae964805d9f] updated successfully, : acto-namespace/test-cluster
I0227 01:20:56.145258       1 pv_control.go:192] PV: [pvc-6e74bcf6-9557-43e9-975d-c258e0774be5] updated successfully, : acto-namespace/test-cluster
I0227 01:20:56.153586       1 tidbcluster_control.go:69] TidbCluster: [acto-namespace/test-cluster] updated successfully
I0227 01:20:56.206947       1 equality.go:87] Service spec diff for acto-namespace/test-cluster-tidb:   v1.ServiceSpec{
  	Ports: []v1.ServicePort{
  		{
  			... // 3 identical fields
  			Port:       4000,
  			TargetPort: {IntVal: 4000},
- 			NodePort:   0,
+ 			NodePort:   31115,
  		},
  		{
  			... // 3 identical fields
  			Port:       10080,
  			TargetPort: {IntVal: 10080},
- 			NodePort:   0,
+ 			NodePort:   32125,
  		},
  	},
  	Selector:  {"app.kubernetes.io/component": "tidb", "app.kubernetes.io/instance": "test-cluster", "app.kubernetes.io/managed-by": "tidb-operator", "app.kubernetes.io/name": "tidb-cluster"},
  	ClusterIP: "",
  	... // 12 identical fields
  }
I0227 01:20:56.206964       1 tidb_member_manager.go:442] Sync TiDB service acto-namespace/test-cluster-tidb, spec equal: false, annotations equal: true, label equal: true
I0227 01:20:56.344942       1 service_control.go:88] update Service: [acto-namespace/test-cluster-tidb] successfully, kind: , name: test-cluster
I0227 01:20:56.351546       1 tidb_failover.go:53] tidb failover is disabled for acto-namespace/test-cluster, skipped
I0227 01:20:56.956407       1 tidbcluster_control.go:69] TidbCluster: [acto-namespace/test-cluster] updated successfully
I0227 01:20:57.008248       1 tidb_failover.go:53] tidb failover is disabled for acto-namespace/test-cluster, skipped
I0227 01:20:57.016117       1 tidbcluster_control.go:69] TidbCluster: [acto-namespace/test-cluster] updated successfully
I0227 01:20:57.792475       1 tidb_failover.go:53] tidb failover is disabled for acto-namespace/test-cluster, skipped
I0227 01:20:57.802862       1 tidbcluster_control.go:69] TidbCluster: [acto-namespace/test-cluster] updated successfully
I0227 01:20:59.001761       1 tidbcluster_control.go:69] TidbCluster: [acto-namespace/test-cluster] updated successfully
I0227 01:21:12.805557       1 tidbcluster_control.go:69] TidbCluster: [acto-namespace/test-cluster] updated successfully
